<?xml version="1.0" encoding="UTF-8"?>
<!-- Generated by org.testng.reporters.JUnitXMLReporter -->
<testsuite ignored="0" hostname="LAPTOP-LIFNO1N8" failures="0" tests="2" name="Amazon End-to-End Tests Execution with Chrome" time="28.925" errors="0" timestamp="2025-04-09T10:57:45 IST">
  <testcase classname="amazon_testcases.TC02_SuccessfulLoginTest" name="performEndToEndOperation" time="10.35">
    <skipped/>
  </testcase> <!-- performEndToEndOperation -->
  <testcase classname="amazon_testcases.TC02_SuccessfulLoginTest" name="performEndToEndOperation" time="4.675"/>
</testsuite> <!-- Amazon End-to-End Tests Execution with Chrome -->
