<?xml version="1.0" encoding="UTF-8"?>
<!-- Generated by org.testng.reporters.JUnitXMLReporter -->
<testsuite ignored="0" hostname="LAPTOP-LIFNO1N8" failures="1" tests="2" name="Amazon End-to-End Tests" time="5.575" errors="0" timestamp="2025-04-08T18:56:54 IST">
  <testcase classname="amazon_end_to_end.TC01_NewUserTest" name="e2eOperation" time="1.166"/>
  <testcase classname="amazon_end_to_end.TC01_NewUserTest" name="e2eOperation" time="5.535">
    <failure type="java.lang.NullPointerException" message="Cannot invoke &amp;quot;org.openqa.selenium.TakesScreenshot.getScreenshotAs(org.openqa.selenium.OutputType)&amp;quot; because &amp;quot;ts&amp;quot; is null">
      <![CDATA[java.lang.NullPointerException: Cannot invoke "org.openqa.selenium.TakesScreenshot.getScreenshotAs(org.openqa.selenium.OutputType)" because "ts" is null
at amazon_screenshots.TakeScreenshots.onTestSuccess(TakeScreenshots.java:31)
at java.base/java.util.ArrayList.forEach(ArrayList.java:1596)
... Removed 28 stack frames]]>
    </failure>
  </testcase> <!-- e2eOperation -->
</testsuite> <!-- Amazon End-to-End Tests -->
